<?xml version="1.0" encoding="UTF-8"?>
<!-- Generated by org.testng.reporters.JUnitReportReporter -->
<testsuite hostname="DESKTOP-PAS2TGA" failures="0" tests="4" name="Students.TextBoxTest" time="0.930" errors="0" timestamp="2023-08-24T15:47:06 IST" skipped="0">
  <testcase classname="Students.TextBoxTest" name="firstTest" time="0.003"/>
  <system-out/>
  <testcase classname="Students.TextBoxTest" name="SecondTest" time="0.002"/>
  <system-out/>
  <testcase classname="Students.TextBoxTest" name="ThirdTest" time="0.002"/>
  <system-out/>
  <testcase classname="Students.TextBoxTest" name="FourthTest" time="0.923"/>
  <system-out/>
</testsuite> <!-- Students.TextBoxTest -->
