<?xml version="1.0" encoding="UTF-8"?>
<!-- Generated by org.testng.reporters.JUnitReportReporter -->
<testsuite hostname="DESKTOP-PAS2TGA" failures="0" tests="1" name="rahulshettyPractice.Techlist" time="8.165" errors="0" timestamp="2023-08-25T08:25:38 IST" skipped="0">
  <testcase classname="rahulshettyPractice.Techlist" name="TechTest" time="8.165"/>
  <system-out/>
</testsuite> <!-- rahulshettyPractice.Techlist -->
