<?xml version="1.0" encoding="UTF-8"?>
<!-- Generated by org.testng.reporters.JUnitReportReporter -->
<testsuite hostname="DESKTOP-PAS2TGA" failures="0" tests="7" name="FirstModule.DemoQATests" time="45.115" errors="0" timestamp="2023-08-16T15:58:00 IST" skipped="2">
  <testcase classname="FirstModule.DemoQATests" name="WindiwswitchTest2" time="18.391"/>
  <system-out/>
  <testcase classname="FirstModule.DemoQATests" name="clickactionsTest" time="2.778"/>
  <system-out/>
  <testcase classname="FirstModule.DemoQATests" name="TextBoxTest" time="8.426"/>
  <system-out/>
  <testcase classname="FirstModule.DemoQATests" name="CheckBoxTest" time="7.477"/>
  <system-out/>
  <testcase classname="FirstModule.DemoQATests" name="AlertTest" time="8.043"/>
  <system-out/>
  <testcase classname="FirstModule.DemoQATests" name="WebTablesTest">
    <skipped/>
  </testcase> <!-- WebTablesTest -->
  <system-out/>
  <testcase classname="FirstModule.DemoQATests" name="RadioTest">
    <skipped/>
  </testcase> <!-- RadioTest -->
  <system-out/>
</testsuite> <!-- FirstModule.DemoQATests -->
