<?xml version="1.0" encoding="UTF-8"?>
<!-- Generated by org.testng.reporters.JUnitReportReporter -->
<testsuite hostname="DESKTOP-PAS2TGA" failures="0" tests="2" name="makemytrip.calender" time="38.916" errors="0" timestamp="2023-08-22T13:14:36 IST" skipped="0">
  <testcase classname="makemytrip.calender" name="calenderTest" time="12.008"/>
  <system-out/>
  <testcase classname="makemytrip.calender" name="nextstep" time="26.908"/>
  <system-out/>
</testsuite> <!-- makemytrip.calender -->
