<?xml version="1.0" encoding="UTF-8"?>
<!-- Generated by org.testng.reporters.JUnitReportReporter -->
<testsuite hostname="DESKTOP-PAS2TGA" failures="0" tests="1" name="Students.Actions_Demo" time="1.304" errors="0" timestamp="2023-08-26T16:00:59 IST" skipped="0">
  <testcase classname="Students.Actions_Demo" name="DoubleclickTest" time="1.304"/>
  <system-out/>
</testsuite> <!-- Students.Actions_Demo -->
