<?xml version="1.0" encoding="UTF-8"?>
<!-- Generated by org.testng.reporters.JUnitReportReporter -->
<testsuite hostname="DESKTOP-PAS2TGA" failures="0" tests="1" name="rahulshettyPractice.PracticeTest" time="8.512" errors="0" timestamp="2023-08-24T16:12:52 IST" skipped="0">
  <testcase classname="rahulshettyPractice.PracticeTest" name="DropdownTest" time="8.512"/>
  <system-out/>
</testsuite> <!-- rahulshettyPractice.PracticeTest -->
